<?xml version="1.0" encoding="UTF-8"?>
<!-- Generated by org.testng.reporters.JUnitXMLReporter -->
<testsuite ignored="0" hostname="LAPTOP-6751OT4L" failures="0" tests="6" name="Test" time="0.037" errors="0" timestamp="2022-03-23T10:40:36 IST">
  <testcase classname="com.crm.vtigerpractice.createLeadsTest" name="createLead" time="0.005"/>
  <testcase classname="com.crm.vtigerpractice.createLeadsTest" name="modifyLead" time="0.001"/>
  <testcase classname="com.crm.vtigerpractice.createDemoTest" name="createOrg" time="0.001"/>
  <testcase classname="com.crm.vtigerpractice.createDemoTest" name="modifyOrg" time="0.001"/>
  <testcase classname="com.crm.vtigerpractice.createDocumentTest" name="createDocument" time="0.0"/>
  <testcase classname="com.crm.vtigerpractice.createDocumentTest" name="modifyDocument" time="0.0"/>
</testsuite> <!-- Test -->
