<?xml version="1.0" encoding="UTF-8"?>
<testng-results ignored="0" total="1" passed="1" failed="0" skipped="0">
  <reporter-output>
  </reporter-output>
  <suite started-at="2022-03-23T14:45:07 IST" name="Default suite" finished-at="2022-03-23T14:45:13 IST" duration-ms="5513">
    <groups>
    </groups>
    <test started-at="2022-03-23T14:45:07 IST" name="Default test" finished-at="2022-03-23T14:45:13 IST" duration-ms="5513">
      <class name="com.crm.vtigerpractice.loginToVtigerParametersTest">
        <test-method signature="login()[pri:0, instance:com.crm.vtigerpractice.loginToVtigerParametersTest@11bd0f3b]" started-at="2022-03-23T14:45:07 IST" name="login" finished-at="2022-03-23T14:45:13 IST" duration-ms="5488" status="PASS">
          <reporter-output>
          </reporter-output>
        </test-method> <!-- login -->
      </class> <!-- com.crm.vtigerpractice.loginToVtigerParametersTest -->
    </test> <!-- Default test -->
  </suite> <!-- Default suite -->
</testng-results>
